<?xml version="1.0" encoding="UTF-8"?>
<!-- Generated by org.testng.reporters.JUnitXMLReporter -->
<testsuite ignored="4" hostname="LAPTOP-950S78O0" failures="0" tests="5" name="Test" time="18.099" errors="0" timestamp="2025-11-10T11:49:06 IST">
  <testcase classname="campaigntest.CreateCampaignTest" name="createCampaignWithExpectedCloseDateTest" time="1.698"/>
  <testcase classname="campaigntest.CreateCampaignTest" name="createCampaignWithMandatoryFieldsTest" time="0.995"/>
  <testcase classname="campaigntest.CreateCampaignTest" name="createCampaignWithStatusTest" time="0.955"/>
  <testcase classname="producttest.CreateProductTest" name="createProductLaptop" time="1.588"/>
  <testcase classname="producttest.CreateProductTest" name="createProductMobile" time="1.341"/>
  <testcase classname="genericutilities.BaseClass" name="@BeforeSuite beforeSuite" time="0.0">
    <ignored/>
  </testcase> <!-- @BeforeSuite beforeSuite -->
  <testcase classname="genericutilities.BaseClass" name="@AfterTest afterTest" time="0.0">
    <ignored/>
  </testcase> <!-- @AfterTest afterTest -->
  <testcase classname="genericutilities.BaseClass" name="@AfterSuite afterSuite" time="0.0">
    <ignored/>
  </testcase> <!-- @AfterSuite afterSuite -->
  <testcase classname="genericutilities.BaseClass" name="@BeforeTest beforeTest" time="0.0">
    <ignored/>
  </testcase> <!-- @BeforeTest beforeTest -->
</testsuite> <!-- Test -->
