<?xml version="1.0" encoding="UTF-8"?>
<!-- Generated by org.testng.reporters.JUnitReportReporter -->
<testsuite hostname="LAPTOP-950S78O0" failures="0" tests="3" name="practice.Demo" time="0.014" errors="0" timestamp="2025-10-27T17:12:23 IST" skipped="0">
  <testcase classname="practice.Demo" name="productCreation" time="0.011"/>
  <testcase classname="practice.Demo" name="updateProduct" time="0.001"/>
  <testcase classname="practice.Demo" name="deleteProduct" time="0.002"/>
</testsuite> <!-- practice.Demo -->
