<?xml version="1.0" encoding="UTF-8"?>
<!-- Generated by org.testng.reporters.JUnitReportReporter -->
<testsuite hostname="LAPTOP-950S78O0" failures="0" tests="2" name="producttest.CreateProductTest" time="5.358" errors="0" timestamp="2025-11-10T11:49:06 IST" skipped="0">
  <testcase classname="producttest.CreateProductTest" name="createProductLaptop" time="2.895"/>
  <testcase classname="producttest.CreateProductTest" name="createProductMobile" time="2.463"/>
</testsuite> <!-- producttest.CreateProductTest -->
